<?xml version="1.0" encoding="UTF-8"?>
<!-- Generated by org.testng.reporters.JUnitXMLReporter -->
<testsuite ignored="8" hostname="mamobarjos" failures="0" tests="2" name="Default test" time="44.67" errors="0" timestamp="2025-01-19T14:29:25 EET">
  <testcase classname="mypackage.MyTestCases" name="ClickFirstCompliteList" time="4.391"/>
  <testcase classname="mypackage.MyTestCases" name="RandomlySelect" time="26.811"/>
  <testcase classname="mypackage.MyTestCases" name="CheckQitafLogo" time="0.0">
    <ignored/>
  </testcase> <!-- CheckQitafLogo -->
  <testcase classname="mypackage.MyTestCases" name="CheckDepatureDate" time="0.0">
    <ignored/>
  </testcase> <!-- CheckDepatureDate -->
  <testcase classname="mypackage.MyTestCases" name="CheckMobileNumber" time="0.0">
    <ignored/>
  </testcase> <!-- CheckMobileNumber -->
  <testcase classname="mypackage.MyTestCases" name="HotelTapIsNotSelected" time="0.0">
    <ignored/>
  </testcase> <!-- HotelTapIsNotSelected -->
  <testcase classname="mypackage.MyTestCases" name="RandomlyCheckWebsiteLanguge" time="0.0">
    <ignored/>
  </testcase> <!-- RandomlyCheckWebsiteLanguge -->
  <testcase classname="mypackage.MyTestCases" name="CheckTheDefultCurrency" time="0.0">
    <ignored/>
  </testcase> <!-- CheckTheDefultCurrency -->
  <testcase classname="mypackage.MyTestCases" name="CheckReturnDate" time="0.0">
    <ignored/>
  </testcase> <!-- CheckReturnDate -->
  <testcase classname="mypackage.MyTestCases" name="CheckTheDefultLanguge" time="0.0">
    <ignored/>
  </testcase> <!-- CheckTheDefultLanguge -->
</testsuite> <!-- Default test -->
