<?xml version="1.0" encoding="UTF-8"?>
<!-- Generated by org.testng.reporters.JUnitXMLReporter -->
<testsuite ignored="6" hostname="mamobarjos" failures="0" tests="1" name="Default test" time="13.198" errors="0" timestamp="2025-01-18T16:07:31 EET">
  <testcase classname="mypackage.MyTestCases" name="CheckReturnDate" time="0.112"/>
  <testcase classname="mypackage.MyTestCases" name="CheckQitafLogo" time="0.0">
    <ignored/>
  </testcase> <!-- CheckQitafLogo -->
  <testcase classname="mypackage.MyTestCases" name="CheckDepatureDate" time="0.0">
    <ignored/>
  </testcase> <!-- CheckDepatureDate -->
  <testcase classname="mypackage.MyTestCases" name="CheckMobileNumber" time="0.0">
    <ignored/>
  </testcase> <!-- CheckMobileNumber -->
  <testcase classname="mypackage.MyTestCases" name="HotelTapIsNotSelected" time="0.0">
    <ignored/>
  </testcase> <!-- HotelTapIsNotSelected -->
  <testcase classname="mypackage.MyTestCases" name="CheckTheDefultCurrency" time="0.0">
    <ignored/>
  </testcase> <!-- CheckTheDefultCurrency -->
  <testcase classname="mypackage.MyTestCases" name="CheckTheDefultLanguge" time="0.0">
    <ignored/>
  </testcase> <!-- CheckTheDefultLanguge -->
</testsuite> <!-- Default test -->
