<?xml version="1.0" encoding="UTF-8"?>
<testng-results ignored="8" total="10" passed="2" failed="0" skipped="0">
  <reporter-output>
  </reporter-output>
  <suite started-at="2025-01-19T14:28:40 EET" name="Default suite" finished-at="2025-01-19T14:29:25 EET" duration-ms="44670">
    <groups>
    </groups>
    <test started-at="2025-01-19T14:28:40 EET" name="Default test" finished-at="2025-01-19T14:29:25 EET" duration-ms="44670">
      <class name="mypackage.MyTestCases">
        <test-method is-config="true" signature="MySetup()[pri:0, instance:mypackage.MyTestCases@77b14724]" started-at="2025-01-19T14:28:40 EET" name="MySetup" finished-at="2025-01-19T14:28:54 EET" duration-ms="13280" status="PASS">
          <reporter-output>
          </reporter-output>
        </test-method> <!-- MySetup -->
        <test-method signature="ClickFirstCompliteList()[pri:9, instance:mypackage.MyTestCases@77b14724]" started-at="2025-01-19T14:28:54 EET" name="ClickFirstCompliteList" description="Switch to hotel search tab if arbic type arabic cities randomly if english type english citeies randomly click first complete list" finished-at="2025-01-19T14:28:58 EET" duration-ms="4391" status="PASS">
          <reporter-output>
          </reporter-output>
        </test-method> <!-- ClickFirstCompliteList -->
        <test-method signature="RandomlySelect()[pri:10, instance:mypackage.MyTestCases@77b14724]" started-at="2025-01-19T14:28:58 EET" name="RandomlySelect" description="Randomly select “1 room, 2 adults, 0 children” or “1 room, 1 adult, 0 children” option then click search" finished-at="2025-01-19T14:29:25 EET" duration-ms="26811" status="PASS">
          <reporter-output>
          </reporter-output>
        </test-method> <!-- RandomlySelect -->
      </class> <!-- mypackage.MyTestCases -->
    </test> <!-- Default test -->
  </suite> <!-- Default suite -->
</testng-results>
