<?xml version="1.0" encoding="UTF-8"?>
<testng-results ignored="6" total="7" passed="1" failed="0" skipped="0">
  <reporter-output>
  </reporter-output>
  <suite started-at="2025-01-18T16:07:17 EET" name="Default suite" finished-at="2025-01-18T16:07:31 EET" duration-ms="13198">
    <groups>
    </groups>
    <test started-at="2025-01-18T16:07:17 EET" name="Default test" finished-at="2025-01-18T16:07:31 EET" duration-ms="13198">
      <class name="mypackage.MyTestCases">
        <test-method is-config="true" signature="MySetup()[pri:0, instance:mypackage.MyTestCases@1e8ce150]" started-at="2025-01-18T16:07:17 EET" name="MySetup" finished-at="2025-01-18T16:07:30 EET" duration-ms="12999" status="PASS">
          <reporter-output>
          </reporter-output>
        </test-method> <!-- MySetup -->
        <test-method signature="CheckReturnDate()[pri:7, instance:mypackage.MyTestCases@1e8ce150]" started-at="2025-01-18T16:07:31 EET" name="CheckReturnDate" description="Check Return Date is Set To day + 2day by defult" finished-at="2025-01-18T16:07:31 EET" duration-ms="112" status="PASS">
          <reporter-output>
          </reporter-output>
        </test-method> <!-- CheckReturnDate -->
      </class> <!-- mypackage.MyTestCases -->
    </test> <!-- Default test -->
  </suite> <!-- Default suite -->
</testng-results>
